<?xml version='1.0' encoding='UTF-8'?>
<testsuite hostname="localhost-live.xdmnet" name="adderSpec" tests="1" errors="0" failures="0" skipped="0" time="0.851" timestamp="2026-05-16T19:39:23">
          <properties>
[...]
</properties>
          <testcase classname="adderSpec" name="adder should sum these numbers" time="0.851">
                      
                    </testcase>
          <system-out><![CDATA[]]></system-out>
          <system-err><![CDATA[]]></system-err>
        </testsuite>