<?xml version='1.0' encoding='UTF-8'?>
<testsuite hostname="LAPTOP-16RE4I5K" name="BCDSpec" tests="4" errors="0" failures="0" skipped="0" time="8.078" timestamp="2026-04-30T13:44:18">
          <properties>
[...]
</properties>
          <testcase classname="BCDSpec" name="BCD should correctly convert 25 to BCD" time="5.732">
                      
                    </testcase><testcase classname="BCDSpec" name="BCD should correctly convert 0 to BCD" time="1.088">
                      
                    </testcase><testcase classname="BCDSpec" name="BCD should correctly convert 31 to BCD" time="0.884">
                      
                    </testcase><testcase classname="BCDSpec" name="BCD should correctly convert 10 to BCD" time="0.374">
                      
                    </testcase>
          <system-out><![CDATA[]]></system-out>
          <system-err><![CDATA[]]></system-err>
        </testsuite>