<?xml version='1.0' encoding='UTF-8'?>
<testsuite hostname="localhost-live.xdmnet" name="DebouncerWave" tests="1" errors="0" failures="0" skipped="0" time="0.854" timestamp="2026-05-01T14:35:19">
          <properties>
[...]
</properties>
          <testcase classname="DebouncerWave" name="Debouncer should emit a pulse" time="0.854">
                      
                    </testcase>
          <system-out><![CDATA[]]></system-out>
          <system-err><![CDATA[]]></system-err>
        </testsuite>